mode: set
kadlab/d7024e/filesystem.go:22.33,27.2 4 1
kadlab/d7024e/filesystem.go:29.76,33.15 3 1
kadlab/d7024e/filesystem.go:47.2,49.24 2 1
kadlab/d7024e/filesystem.go:33.15,36.3 2 0
kadlab/d7024e/filesystem.go:36.8,45.3 8 1
kadlab/d7024e/filesystem.go:53.61,57.37 3 1
kadlab/d7024e/filesystem.go:63.2,64.13 2 1
kadlab/d7024e/filesystem.go:57.37,59.76 2 0
kadlab/d7024e/filesystem.go:59.76,61.4 1 0
kadlab/d7024e/filesystem.go:68.50,70.32 2 1
kadlab/d7024e/filesystem.go:75.2,75.13 1 1
kadlab/d7024e/filesystem.go:70.32,71.21 1 1
kadlab/d7024e/filesystem.go:71.21,73.4 1 1
kadlab/d7024e/filesystem.go:78.54,83.15 4 1
kadlab/d7024e/filesystem.go:86.2,90.13 3 1
kadlab/d7024e/filesystem.go:83.15,85.3 1 1
kadlab/d7024e/filesystem.go:93.59,97.15 4 1
kadlab/d7024e/filesystem.go:100.2,101.13 2 1
kadlab/d7024e/filesystem.go:97.15,99.3 1 0
kadlab/d7024e/filesystem.go:104.52,108.15 4 1
kadlab/d7024e/filesystem.go:112.2,115.29 4 1
kadlab/d7024e/filesystem.go:108.15,111.3 2 0
kadlab/d7024e/filesystem.go:115.29,117.3 1 0
kadlab/d7024e/filesystem.go:117.8,119.3 1 1
kadlab/d7024e/filesystem.go:122.51,125.15 3 1
kadlab/d7024e/filesystem.go:128.2,128.13 1 1
kadlab/d7024e/filesystem.go:125.15,127.3 1 0
kadlab/d7024e/filesystem.go:131.43,134.15 3 1
kadlab/d7024e/filesystem.go:137.2,137.17 1 1
kadlab/d7024e/filesystem.go:134.15,136.3 1 0
kadlab/d7024e/filesystem.go:140.45,143.15 3 1
kadlab/d7024e/filesystem.go:146.2,146.17 1 1
kadlab/d7024e/filesystem.go:143.15,145.3 1 0
kadlab/d7024e/filesystem.go:149.46,152.15 3 0
kadlab/d7024e/filesystem.go:157.2,157.21 1 0
kadlab/d7024e/filesystem.go:152.15,154.3 1 0
kadlab/d7024e/filesystem.go:154.8,156.3 1 0
kadlab/d7024e/filesystem.go:157.21,159.41 2 0
kadlab/d7024e/filesystem.go:159.41,163.4 3 0
kadlab/d7024e/filesystem.go:163.9,163.22 1 0
kadlab/d7024e/filesystem.go:163.22,165.4 1 0
kadlab/d7024e/filesystem.go:165.9,165.34 1 0
kadlab/d7024e/filesystem.go:165.34,167.4 1 0
kadlab/d7024e/filesystem.go:167.9,169.4 1 0
kadlab/d7024e/filesystem.go:170.8,172.3 1 0
kadlab/d7024e/kademlia.go:26.50,33.2 6 1
kadlab/d7024e/kademlia.go:35.44,50.52 11 1
kadlab/d7024e/kademlia.go:55.2,56.43 2 0
kadlab/d7024e/kademlia.go:67.2,67.30 1 0
kadlab/d7024e/kademlia.go:50.52,54.3 3 0
kadlab/d7024e/kademlia.go:56.43,62.38 6 0
kadlab/d7024e/kademlia.go:62.38,65.4 2 0
kadlab/d7024e/kademlia.go:70.49,72.2 1 1
kadlab/d7024e/kademlia.go:74.55,76.2 1 1
kadlab/d7024e/kademlia.go:78.43,80.2 1 1
kadlab/d7024e/kademlia.go:82.40,84.2 1 0
kadlab/d7024e/kademlia.go:86.42,92.35 6 1
kadlab/d7024e/kademlia.go:100.2,101.29 2 0
kadlab/d7024e/kademlia.go:92.35,94.34 2 0
kadlab/d7024e/kademlia.go:94.34,98.4 3 0
kadlab/d7024e/kademlia.go:104.68,115.24 7 1
kadlab/d7024e/kademlia.go:123.2,123.34 1 1
kadlab/d7024e/kademlia.go:130.2,132.6 2 1
kadlab/d7024e/kademlia.go:115.24,118.3 2 0
kadlab/d7024e/kademlia.go:118.8,118.33 1 1
kadlab/d7024e/kademlia.go:118.33,120.3 1 1
kadlab/d7024e/kademlia.go:123.34,128.3 3 1
kadlab/d7024e/kademlia.go:132.6,135.59 3 1
kadlab/d7024e/kademlia.go:142.3,143.80 2 1
kadlab/d7024e/kademlia.go:192.3,194.42 2 1
kadlab/d7024e/kademlia.go:228.3,229.38 2 1
kadlab/d7024e/kademlia.go:237.3,237.69 1 1
kadlab/d7024e/kademlia.go:242.3,242.16 1 1
kadlab/d7024e/kademlia.go:135.59,138.4 2 1
kadlab/d7024e/kademlia.go:143.80,150.64 5 1
kadlab/d7024e/kademlia.go:156.4,159.41 3 1
kadlab/d7024e/kademlia.go:165.4,165.46 1 1
kadlab/d7024e/kademlia.go:170.4,174.39 3 1
kadlab/d7024e/kademlia.go:150.64,152.5 1 1
kadlab/d7024e/kademlia.go:159.41,162.5 1 1
kadlab/d7024e/kademlia.go:162.10,164.5 1 1
kadlab/d7024e/kademlia.go:165.46,167.5 1 1
kadlab/d7024e/kademlia.go:167.10,169.5 1 1
kadlab/d7024e/kademlia.go:174.39,175.27 1 1
kadlab/d7024e/kademlia.go:175.27,176.87 1 1
kadlab/d7024e/kademlia.go:176.87,183.7 6 1
kadlab/d7024e/kademlia.go:184.10,185.11 1 1
kadlab/d7024e/kademlia.go:188.9,191.4 2 1
kadlab/d7024e/kademlia.go:194.42,196.68 1 1
kadlab/d7024e/kademlia.go:196.68,204.52 3 1
kadlab/d7024e/kademlia.go:208.5,210.40 2 1
kadlab/d7024e/kademlia.go:224.5,224.78 1 1
kadlab/d7024e/kademlia.go:204.52,207.6 2 1
kadlab/d7024e/kademlia.go:210.40,212.87 1 1
kadlab/d7024e/kademlia.go:220.6,220.29 1 1
kadlab/d7024e/kademlia.go:212.87,218.12 6 1
kadlab/d7024e/kademlia.go:220.29,221.12 1 0
kadlab/d7024e/kademlia.go:229.38,230.43 1 1
kadlab/d7024e/kademlia.go:230.43,232.5 1 1
kadlab/d7024e/kademlia.go:232.10,232.52 1 1
kadlab/d7024e/kademlia.go:232.52,234.5 1 1
kadlab/d7024e/kademlia.go:237.69,239.4 1 1
kadlab/d7024e/kademlia.go:242.16,247.4 3 1
kadlab/d7024e/kademlia.go:253.88,255.38 2 0
kadlab/d7024e/kademlia.go:269.3,269.18 1 0
kadlab/d7024e/kademlia.go:255.38,256.47 1 0
kadlab/d7024e/kademlia.go:256.47,257.36 1 0
kadlab/d7024e/kademlia.go:266.5,266.18 1 0
kadlab/d7024e/kademlia.go:257.36,259.6 1 0
kadlab/d7024e/kademlia.go:259.11,259.22 1 0
kadlab/d7024e/kademlia.go:259.22,261.6 1 0
kadlab/d7024e/kademlia.go:261.11,261.34 1 0
kadlab/d7024e/kademlia.go:261.34,263.6 1 0
kadlab/d7024e/kademlia.go:263.11,265.6 1 0
kadlab/d7024e/kademlia.go:273.97,275.42 2 1
kadlab/d7024e/kademlia.go:289.3,289.22 1 1
kadlab/d7024e/kademlia.go:275.42,276.60 1 1
kadlab/d7024e/kademlia.go:276.60,277.41 1 1
kadlab/d7024e/kademlia.go:286.5,286.18 1 1
kadlab/d7024e/kademlia.go:277.41,279.7 1 1
kadlab/d7024e/kademlia.go:279.12,279.23 1 1
kadlab/d7024e/kademlia.go:279.23,281.7 1 1
kadlab/d7024e/kademlia.go:281.12,281.39 1 1
kadlab/d7024e/kademlia.go:281.39,283.7 1 0
kadlab/d7024e/kademlia.go:283.12,285.7 1 1
kadlab/d7024e/kademlia.go:292.59,297.40 3 0
kadlab/d7024e/kademlia.go:302.3,311.25 8 0
kadlab/d7024e/kademlia.go:319.3,319.35 1 0
kadlab/d7024e/kademlia.go:326.3,326.7 1 0
kadlab/d7024e/kademlia.go:297.40,300.4 1 0
kadlab/d7024e/kademlia.go:311.25,314.4 2 0
kadlab/d7024e/kademlia.go:314.9,314.34 1 0
kadlab/d7024e/kademlia.go:314.34,316.4 1 0
kadlab/d7024e/kademlia.go:319.35,323.4 3 0
kadlab/d7024e/kademlia.go:326.7,329.61 3 0
kadlab/d7024e/kademlia.go:336.4,336.31 1 0
kadlab/d7024e/kademlia.go:396.4,398.43 2 0
kadlab/d7024e/kademlia.go:427.4,428.39 2 0
kadlab/d7024e/kademlia.go:436.4,436.47 1 0
kadlab/d7024e/kademlia.go:440.4,440.17 1 0
kadlab/d7024e/kademlia.go:329.61,331.5 1 0
kadlab/d7024e/kademlia.go:336.31,346.5 6 0
kadlab/d7024e/kademlia.go:346.10,346.88 1 0
kadlab/d7024e/kademlia.go:346.88,352.65 3 0
kadlab/d7024e/kademlia.go:358.5,362.42 3 0
kadlab/d7024e/kademlia.go:367.5,367.47 1 0
kadlab/d7024e/kademlia.go:372.5,378.40 4 0
kadlab/d7024e/kademlia.go:352.65,354.6 1 0
kadlab/d7024e/kademlia.go:362.42,364.6 1 0
kadlab/d7024e/kademlia.go:364.11,366.6 1 0
kadlab/d7024e/kademlia.go:367.47,369.6 1 0
kadlab/d7024e/kademlia.go:369.11,371.6 1 0
kadlab/d7024e/kademlia.go:378.40,379.28 1 0
kadlab/d7024e/kademlia.go:379.28,380.88 1 0
kadlab/d7024e/kademlia.go:380.88,387.8 5 0
kadlab/d7024e/kademlia.go:388.11,389.12 1 0
kadlab/d7024e/kademlia.go:392.10,395.5 1 0
kadlab/d7024e/kademlia.go:398.43,400.70 1 0
kadlab/d7024e/kademlia.go:400.70,409.41 4 0
kadlab/d7024e/kademlia.go:423.6,423.79 1 0
kadlab/d7024e/kademlia.go:409.41,411.88 1 0
kadlab/d7024e/kademlia.go:419.7,419.30 1 0
kadlab/d7024e/kademlia.go:411.88,417.13 6 0
kadlab/d7024e/kademlia.go:419.30,420.13 1 0
kadlab/d7024e/kademlia.go:428.39,429.44 1 0
kadlab/d7024e/kademlia.go:429.44,431.6 1 0
kadlab/d7024e/kademlia.go:431.11,431.53 1 0
kadlab/d7024e/kademlia.go:431.53,433.6 1 0
kadlab/d7024e/kademlia.go:436.47,438.5 1 0
kadlab/d7024e/kademlia.go:440.17,442.5 1 0
kadlab/d7024e/kademlia.go:447.47,460.38 10 1
kadlab/d7024e/kademlia.go:464.3,464.30 1 1
kadlab/d7024e/kademlia.go:460.38,463.4 2 1
kadlab/d7024e/kademlia.go:467.51,472.3 4 1
kadlab/d7024e/kademlia.go:474.48,479.38 5 0
kadlab/d7024e/kademlia.go:479.38,481.4 1 0
kadlab/d7024e/kademlia.go:484.50,489.38 5 0
kadlab/d7024e/kademlia.go:489.38,491.4 1 0
kadlab/d7024e/kademlia.go:495.60,497.38 2 1
kadlab/d7024e/kademlia.go:502.3,502.14 1 1
kadlab/d7024e/kademlia.go:497.38,498.47 1 1
kadlab/d7024e/kademlia.go:498.47,500.5 1 1
kadlab/d7024e/kademlia.go:505.60,510.28 5 0
kadlab/d7024e/kademlia.go:514.3,516.40 3 0
kadlab/d7024e/kademlia.go:525.3,527.38 2 0
kadlab/d7024e/kademlia.go:535.3,538.30 3 0
kadlab/d7024e/kademlia.go:542.3,544.7 3 0
kadlab/d7024e/kademlia.go:510.28,512.4 1 0
kadlab/d7024e/kademlia.go:516.40,517.31 1 0
kadlab/d7024e/kademlia.go:520.4,522.46 3 0
kadlab/d7024e/kademlia.go:517.31,519.5 1 0
kadlab/d7024e/kademlia.go:527.38,528.31 1 0
kadlab/d7024e/kademlia.go:531.4,532.46 2 0
kadlab/d7024e/kademlia.go:528.31,530.5 1 0
kadlab/d7024e/kademlia.go:538.30,540.4 1 0
kadlab/d7024e/kademlia.go:544.7,546.31 2 0
kadlab/d7024e/kademlia.go:549.4,549.63 1 0
kadlab/d7024e/kademlia.go:552.4,553.74 2 0
kadlab/d7024e/kademlia.go:546.31,548.5 1 0
kadlab/d7024e/kademlia.go:549.63,551.5 1 0
kadlab/d7024e/kademlia.go:553.74,557.5 3 0
kadlab/d7024e/kademliaid.go:16.45,20.36 3 1
kadlab/d7024e/kademliaid.go:24.2,24.23 1 1
kadlab/d7024e/kademliaid.go:20.36,22.3 1 1
kadlab/d7024e/kademliaid.go:27.46,31.36 3 1
kadlab/d7024e/kademliaid.go:35.2,35.22 1 1
kadlab/d7024e/kademliaid.go:31.36,33.3 1 0
kadlab/d7024e/kademliaid.go:40.39,43.32 3 1
kadlab/d7024e/kademliaid.go:46.2,46.22 1 1
kadlab/d7024e/kademliaid.go:43.32,45.3 1 1
kadlab/d7024e/kademliaid.go:50.69,51.32 1 1
kadlab/d7024e/kademliaid.go:56.2,56.14 1 0
kadlab/d7024e/kademliaid.go:51.32,52.42 1 1
kadlab/d7024e/kademliaid.go:52.42,54.4 1 1
kadlab/d7024e/kademliaid.go:60.71,61.32 1 1
kadlab/d7024e/kademliaid.go:66.2,66.13 1 1
kadlab/d7024e/kademliaid.go:61.32,62.42 1 1
kadlab/d7024e/kademliaid.go:62.42,64.4 1 1
kadlab/d7024e/kademliaid.go:71.75,73.32 2 1
kadlab/d7024e/kademliaid.go:76.2,76.16 1 1
kadlab/d7024e/kademliaid.go:73.32,75.3 1 1
kadlab/d7024e/kademliaid.go:80.47,82.2 1 1
kadlab/d7024e/network.go:27.55,35.2 7 1
kadlab/d7024e/network.go:37.59,42.16 4 1
kadlab/d7024e/network.go:47.2,48.40 2 1
kadlab/d7024e/network.go:52.2,55.28 2 1
kadlab/d7024e/network.go:42.16,44.3 1 0
kadlab/d7024e/network.go:48.40,50.3 1 0
kadlab/d7024e/network.go:56.14,58.45 2 1
kadlab/d7024e/network.go:60.18,65.49 3 1
kadlab/d7024e/network.go:69.16,76.38 5 1
kadlab/d7024e/network.go:79.3,80.45 2 1
kadlab/d7024e/network.go:82.20,90.33 5 1
kadlab/d7024e/network.go:95.3,105.44 9 1
kadlab/d7024e/network.go:132.20,137.17 4 0
kadlab/d7024e/network.go:153.24,158.36 4 0
kadlab/d7024e/network.go:160.15,169.36 7 1
kadlab/d7024e/network.go:171.13,176.17 4 0
kadlab/d7024e/network.go:180.15,185.17 4 0
kadlab/d7024e/network.go:190.10,194.54 4 0
kadlab/d7024e/network.go:76.38,78.4 1 1
kadlab/d7024e/network.go:90.33,93.4 2 1
kadlab/d7024e/network.go:105.44,107.24 1 1
kadlab/d7024e/network.go:113.5,113.49 1 1
kadlab/d7024e/network.go:129.4,129.37 1 1
kadlab/d7024e/network.go:107.24,108.10 1 0
kadlab/d7024e/network.go:109.10,109.41 1 1
kadlab/d7024e/network.go:109.41,111.10 1 0
kadlab/d7024e/network.go:113.49,114.36 1 1
kadlab/d7024e/network.go:118.6,118.35 1 1
kadlab/d7024e/network.go:122.6,123.36 2 1
kadlab/d7024e/network.go:114.36,116.12 2 0
kadlab/d7024e/network.go:118.35,120.12 2 0
kadlab/d7024e/network.go:123.36,125.12 2 1
kadlab/d7024e/network.go:137.17,142.39 4 0
kadlab/d7024e/network.go:145.4,146.50 2 0
kadlab/d7024e/network.go:142.39,144.5 1 0
kadlab/d7024e/network.go:147.9,152.4 3 0
kadlab/d7024e/network.go:176.17,178.4 1 0
kadlab/d7024e/network.go:185.17,187.4 1 0
kadlab/d7024e/network.go:199.54,200.18 1 1
kadlab/d7024e/network.go:201.14,208.17 2 1
kadlab/d7024e/network.go:209.18,216.17 2 1
kadlab/d7024e/network.go:217.16,225.17 3 1
kadlab/d7024e/network.go:226.20,235.17 3 1
kadlab/d7024e/network.go:236.20,244.17 3 0
kadlab/d7024e/network.go:245.24,253.17 3 0
kadlab/d7024e/network.go:254.15,263.17 3 1
kadlab/d7024e/network.go:265.13,273.17 3 0
kadlab/d7024e/network.go:274.15,282.17 3 0
kadlab/d7024e/network.go:284.10,291.17 3 0
kadlab/d7024e/network.go:295.64,303.33 4 1
kadlab/d7024e/network.go:303.33,307.3 2 1
kadlab/d7024e/network.go:307.8,311.3 2 1
kadlab/d7024e/network.go:315.62,316.24 1 1
kadlab/d7024e/network.go:316.24,319.17 2 1
kadlab/d7024e/network.go:323.3,324.17 2 1
kadlab/d7024e/network.go:327.3,329.17 3 1
kadlab/d7024e/network.go:319.17,321.4 1 0
kadlab/d7024e/network.go:324.17,326.4 1 0
kadlab/d7024e/network.go:329.18,331.4 0 0
kadlab/d7024e/network.go:336.44,342.36 5 1
kadlab/d7024e/network.go:347.2,350.6 3 1
kadlab/d7024e/network.go:342.36,345.3 2 0
kadlab/d7024e/network.go:350.6,355.18 3 1
kadlab/d7024e/network.go:359.3,361.16 3 1
kadlab/d7024e/network.go:355.18,357.4 1 0
kadlab/d7024e/network.go:366.88,369.2 2 1
kadlab/d7024e/network.go:372.76,375.2 2 0
kadlab/d7024e/network.go:377.70,380.2 2 0
kadlab/d7024e/network.go:382.72,385.2 2 0
kadlab/d7024e/network.go:388.85,392.2 2 1
kadlab/d7024e/network.go:394.52,396.45 1 1
kadlab/d7024e/network.go:401.2,403.37 2 1
kadlab/d7024e/network.go:396.45,398.3 1 1
kadlab/d7024e/network.go:403.37,405.3 1 1
kadlab/d7024e/network.go:405.8,406.37 1 1
kadlab/d7024e/network.go:406.37,408.4 1 1
kadlab/d7024e/network.go:408.9,412.13 3 1
kadlab/d7024e/network.go:412.13,416.5 2 1
kadlab/d7024e/network.go:416.11,418.5 0 1
kadlab/d7024e/network.go:424.53,425.31 1 1
kadlab/d7024e/network.go:429.2,430.14 2 1
kadlab/d7024e/network.go:425.31,428.3 2 1
kadlab/d7024e/routingtable.go:18.48,20.34 2 1
kadlab/d7024e/routingtable.go:23.2,24.21 2 1
kadlab/d7024e/routingtable.go:20.34,22.3 1 1
kadlab/d7024e/routingtable.go:28.63,32.2 3 1
kadlab/d7024e/routingtable.go:35.96,42.98 5 1
kadlab/d7024e/routingtable.go:53.2,55.30 2 1
kadlab/d7024e/routingtable.go:59.2,59.38 1 1
kadlab/d7024e/routingtable.go:42.98,43.25 1 1
kadlab/d7024e/routingtable.go:47.3,47.33 1 1
kadlab/d7024e/routingtable.go:43.25,46.4 2 1
kadlab/d7024e/routingtable.go:47.33,50.4 2 1
kadlab/d7024e/routingtable.go:55.30,57.3 1 1
kadlab/d7024e/routingtable.go:63.70,65.32 2 1
kadlab/d7024e/routingtable.go:73.2,73.23 1 1
kadlab/d7024e/routingtable.go:65.32,66.26 1 1
kadlab/d7024e/routingtable.go:66.26,67.42 1 1
kadlab/d7024e/routingtable.go:67.42,69.5 1 1
kadlab/d7024e/routingtable.go:77.55,78.49 1 1
kadlab/d7024e/routingtable.go:78.49,80.57 2 1
kadlab/d7024e/routingtable.go:80.57,82.4 1 1
kadlab/d7024e/bucket.go:16.26,21.2 4 1
kadlab/d7024e/bucket.go:25.51,28.55 3 1
kadlab/d7024e/bucket.go:36.2,36.20 1 1
kadlab/d7024e/bucket.go:43.2,43.21 1 1
kadlab/d7024e/bucket.go:28.55,31.34 2 1
kadlab/d7024e/bucket.go:31.34,33.4 1 1
kadlab/d7024e/bucket.go:36.20,37.37 1 1
kadlab/d7024e/bucket.go:37.37,39.4 1 1
kadlab/d7024e/bucket.go:40.8,42.3 1 1
kadlab/d7024e/bucket.go:46.54,49.55 3 1
kadlab/d7024e/bucket.go:49.55,52.34 2 1
kadlab/d7024e/bucket.go:52.34,55.9 2 1
kadlab/d7024e/bucket.go:62.61,64.55 2 1
kadlab/d7024e/bucket.go:71.2,72.14 2 1
kadlab/d7024e/bucket.go:64.55,66.35 2 1
kadlab/d7024e/bucket.go:66.35,69.4 2 1
kadlab/d7024e/bucket.go:78.79,82.63 3 1
kadlab/d7024e/bucket.go:88.2,89.17 2 1
kadlab/d7024e/bucket.go:82.63,86.3 3 1
kadlab/d7024e/bucket.go:93.33,95.2 1 1
kadlab/d7024e/contact.go:18.57,20.2 1 1
kadlab/d7024e/contact.go:24.58,26.2 1 1
kadlab/d7024e/contact.go:29.58,31.2 1 1
kadlab/d7024e/contact.go:34.41,36.2 1 1
kadlab/d7024e/contact.go:45.65,47.2 1 1
kadlab/d7024e/contact.go:50.71,52.2 1 1
kadlab/d7024e/contact.go:55.45,57.2 1 1
kadlab/d7024e/contact.go:60.48,62.2 1 1
kadlab/d7024e/contact.go:66.53,68.2 1 1
kadlab/d7024e/contact.go:72.58,74.2 1 1
